"../../../../../../Users/minip/Documents/Uni Backup/3D Games - GAP - Final Project/3D GAP Unreal Game/FinalGameProject/Content/Animation/FollowerEnemy/Beta_HighLimbsGeoSG2.uasset" 0
"../../../../../../Users/minip/Documents/Uni Backup/3D Games - GAP - Final Project/3D GAP Unreal Game/FinalGameProject/Content/Animation/Beta_HighLimbsGeoSG2.uasset" 1
"../../../../../../Users/minip/Documents/Uni Backup/3D Games - GAP - Final Project/3D GAP Unreal Game/FinalGameProject/Content/Animation/FollowerEnemy/Beta_Joints_MAT.uasset" 2
"../../../../../../Users/minip/Documents/Uni Backup/3D Games - GAP - Final Project/3D GAP Unreal Game/FinalGameProject/Content/Animation/Beta_Joints_MAT.uasset" 3
"../../../../../../Users/minip/Documents/Uni Backup/3D Games - GAP - Final Project/3D GAP Unreal Game/FinalGameProject/Content/Animation/FollowerEnemyAnim.uasset" 4
"../../../../../../Users/minip/Documents/Uni Backup/3D Games - GAP - Final Project/3D GAP Unreal Game/FinalGameProject/Content/Animation/Idle_Run_Blend_Follower.uasset" 5
"../../../../../../Users/minip/Documents/Uni Backup/3D Games - GAP - Final Project/3D GAP Unreal Game/FinalGameProject/Content/Animation/NewBlendSpace1D.uasset" 6
"../../../../../../Users/minip/Documents/Uni Backup/3D Games - GAP - Final Project/3D GAP Unreal Game/FinalGameProject/Content/Animation/Run_Attack_Blend_FOllower.uasset" 7
"../../../Engine/Content/EngineMeshes/Humanoid.uasset" 8
"../../../../../../Users/minip/Documents/Uni Backup/3D Games - GAP - Final Project/3D GAP Unreal Game/FinalGameProject/Content/Animation/FollowerEnemy/Sword_And_Shield_Slash__1__Skeleton.uasset" 9
"../../../../../../Users/minip/Documents/Uni Backup/3D Games - GAP - Final Project/3D GAP Unreal Game/FinalGameProject/Content/Animation/FollowerEnemy/Sword_And_Shield_Slash__1__PhysicsAsset.uasset" 10
"../../../../../../Users/minip/Documents/Uni Backup/3D Games - GAP - Final Project/3D GAP Unreal Game/FinalGameProject/Content/Animation/FollowerEnemy/Sword_And_Shield_Slash__1_.uasset" 11
"../../../../../../Users/minip/Documents/Uni Backup/3D Games - GAP - Final Project/3D GAP Unreal Game/FinalGameProject/Content/Animation/Sword_And_Shield_Slash__1_.uasset" 12
"../../../../../../Users/minip/Documents/Uni Backup/3D Games - GAP - Final Project/3D GAP Unreal Game/FinalGameProject/Content/Animation/Sword_And_Shield_Slash__1__PhysicsAsset.uasset" 13
"../../../../../../Users/minip/Documents/Uni Backup/3D Games - GAP - Final Project/3D GAP Unreal Game/FinalGameProject/Content/Animation/Sword_And_Shield_Slash__1__Skeleton.uasset" 14
"../../../Engine/Content/Animation/DefaultAnimCurveCompressionSettings.uasset" 15
"../../../Engine/Content/Animation/DefaultAnimBoneCompressionSettings.uasset" 16
"../../../../../../Users/minip/Documents/Uni Backup/3D Games - GAP - Final Project/3D GAP Unreal Game/FinalGameProject/Content/Animation/FollowerEnemy/Sword_And_Shield_Slash__2_.uasset" 17
"../../../../../../Users/minip/Documents/Uni Backup/3D Games - GAP - Final Project/3D GAP Unreal Game/FinalGameProject/Content/Animation/Sword_And_Shield_Slash__2_.uasset" 18
"../../../../../../Users/minip/Documents/Uni Backup/3D Games - GAP - Final Project/3D GAP Unreal Game/FinalGameProject/Content/Animation/Zombie_Dying.uasset" 19
"../../../../../../Users/minip/Documents/Uni Backup/3D Games - GAP - Final Project/3D GAP Unreal Game/FinalGameProject/Content/Animation/Zombie_Idle.uasset" 20
"../../../../../../Users/minip/Documents/Uni Backup/3D Games - GAP - Final Project/3D GAP Unreal Game/FinalGameProject/Content/Animation/Zombie_Punching__1_.uasset" 21
"../../../../../../Users/minip/Documents/Uni Backup/3D Games - GAP - Final Project/3D GAP Unreal Game/FinalGameProject/Content/Animation/Zombie_Run.uasset" 22
"../../../../../../Users/minip/Documents/Uni Backup/3D Games - GAP - Final Project/3D GAP Unreal Game/FinalGameProject/Content/Animation/RangerEnemy/Crouched_Walking_Skeleton.uasset" 23
"../../../../../../Users/minip/Documents/Uni Backup/3D Games - GAP - Final Project/3D GAP Unreal Game/FinalGameProject/Content/Animation/RangerEnemy/Crouching_Idle.uasset" 24
"../../../../../../Users/minip/Documents/Uni Backup/3D Games - GAP - Final Project/3D GAP Unreal Game/FinalGameProject/Content/Animation/RangerEnemy/Crouched_Walking_Anim_mixamo_com.uasset" 25
"../../../../../../Users/minip/Documents/Uni Backup/3D Games - GAP - Final Project/3D GAP Unreal Game/FinalGameProject/Content/Animation/RangerEnemy/Idle_Walk_Ranger_Blend.uasset" 26
"../../../../../../Users/minip/Documents/Uni Backup/3D Games - GAP - Final Project/3D GAP Unreal Game/FinalGameProject/Content/Animation/FollowerEnemy/Idle_Walk_Ranger_Blend.uasset" 27
"../../../../../../Users/minip/Documents/Uni Backup/3D Games - GAP - Final Project/3D GAP Unreal Game/FinalGameProject/Content/Animation/FollowerEnemyUpdated/Zombie_Idle_Updated_Skeleton.uasset" 28
"../../../../../../Users/minip/Documents/Uni Backup/3D Games - GAP - Final Project/3D GAP Unreal Game/FinalGameProject/Content/Animation/FollowerEnemyUpdated/Zombie_Idle_Updated_Anim_Take_001.uasset" 29
"../../../../../../Users/minip/Documents/Uni Backup/3D Games - GAP - Final Project/3D GAP Unreal Game/FinalGameProject/Content/Animation/KingAnimation/lambert1.uasset" 30
"../../../../../../Users/minip/Documents/Uni Backup/3D Games - GAP - Final Project/3D GAP Unreal Game/FinalGameProject/Content/Animation/KingAnimation/Seated_Idle_Skeleton.uasset" 31
"../../../../../../Users/minip/Documents/Uni Backup/3D Games - GAP - Final Project/3D GAP Unreal Game/FinalGameProject/Content/Animation/KingAnimation/Seated_Idle_Anim_Take_001.uasset" 32
"../../../../../../Users/minip/Documents/Uni Backup/3D Games - GAP - Final Project/3D GAP Unreal Game/FinalGameProject/Content/Animation/RangerEnemy/Crouched_Walking_Anim_Take_001.uasset" 33
"../../../../../../Users/minip/Documents/Uni Backup/3D Games - GAP - Final Project/3D GAP Unreal Game/FinalGameProject/Content/Sound/AudienceCheer3.uasset" 34
"../../../../../../Users/minip/Documents/Uni Backup/3D Games - GAP - Final Project/3D GAP Unreal Game/FinalGameProject/Content/Sound/AudienceCheer2.uasset" 35
"../../../../../../Users/minip/Documents/Uni Backup/3D Games - GAP - Final Project/3D GAP Unreal Game/FinalGameProject/Content/Sound/AudienceCheer1.uasset" 36
"../../../../../../Users/minip/Documents/Uni Backup/3D Games - GAP - Final Project/3D GAP Unreal Game/FinalGameProject/Content/Materials/SpectatorV2Material.uasset" 37
"../../../../../../Users/minip/Documents/Uni Backup/3D Games - GAP - Final Project/3D GAP Unreal Game/FinalGameProject/Content/Materials/SpectatorV2Material_Mat.uasset" 38
"../../../../../../Users/minip/Documents/Uni Backup/3D Games - GAP - Final Project/3D GAP Unreal Game/FinalGameProject/Content/Models/Environment/SittingSpectatorV2.uasset" 39
"../../../../../../Users/minip/Documents/Uni Backup/3D Games - GAP - Final Project/3D GAP Unreal Game/FinalGameProject/Content/Models/Environment/SittingCelebratorV1.uasset" 40
"../../../../../../Users/minip/Documents/Uni Backup/3D Games - GAP - Final Project/3D GAP Unreal Game/FinalGameProject/Content/Blueprints/AI/RoundCount.uasset" 41
"../../../../../../Users/minip/Documents/Uni Backup/3D Games - GAP - Final Project/3D GAP Unreal Game/FinalGameProject/Content/Blueprints/BP_SpectatorSittingCheerer.uasset" 42
"../../../../../../Users/minip/Documents/Uni Backup/3D Games - GAP - Final Project/3D GAP Unreal Game/FinalGameProject/Content/Blueprints/BP_SpectatorSitting.uasset" 43
"../../../Engine/Content/Functions/Engine_MaterialFunctions01/Opacity/CameraDepthFade.uasset" 44
"../../../Engine/Content/EngineMaterials/T_Default_Material_Grid_N.uasset" 45
"../../../Engine/Content/EngineMaterials/T_Default_Material_Grid_M.uasset" 46
"../../../Engine/Content/EngineMaterials/DefaultMaterial.uasset" 47
"../../../Engine/Content/BasicShapes/Cone.uasset" 48
"../../../Engine/Content/BasicShapes/BasicShapeMaterial.uasset" 49
"../../../../../../Users/minip/Documents/Uni Backup/3D Games - GAP - Final Project/3D GAP Unreal Game/FinalGameProject/Content/Blueprints/Cone_Blueprint.uasset" 50
"../../../../../../Users/minip/Documents/Uni Backup/3D Games - GAP - Final Project/3D GAP Unreal Game/FinalGameProject/Content/Blueprints/AI/lambert1.uasset" 51
"../../../../../../Users/minip/Documents/Uni Backup/3D Games - GAP - Final Project/3D GAP Unreal Game/FinalGameProject/Content/Blueprints/AI/phong1.uasset" 52
"../../../../../../Users/minip/Documents/Uni Backup/3D Games - GAP - Final Project/3D GAP Unreal Game/FinalGameProject/Content/Levels/_GENERATED/minip/Boolean_1CC854FD.uasset" 53
"../../../../../../Users/minip/Documents/Uni Backup/3D Games - GAP - Final Project/3D GAP Unreal Game/FinalGameProject/Content/Levels/_GENERATED/minip/Boolean_72C1521E.uasset" 54
"../../../../../../Users/minip/Documents/Uni Backup/3D Games - GAP - Final Project/3D GAP Unreal Game/FinalGameProject/Content/Materials/Landscape/SandV1.uasset" 55
"../../../../../../Users/minip/Documents/Uni Backup/3D Games - GAP - Final Project/3D GAP Unreal Game/FinalGameProject/Content/Materials/SandV1.uasset" 56
"../../../../../../Users/minip/Documents/Uni Backup/3D Games - GAP - Final Project/3D GAP Unreal Game/FinalGameProject/Content/UI/Images/UIMockup.uasset" 57
"../../../../../../Users/minip/Documents/Uni Backup/3D Games - GAP - Final Project/3D GAP Unreal Game/FinalGameProject/Content/Materials/UIMockup.uasset" 58
"../../../Engine/Content/Functions/Engine_MaterialFunctions02/Math/MakeVectorsOrthogonal.uasset" 59
"../../../Engine/Content/Functions/Engine_MaterialFunctions02/Math/AddComponents.uasset" 60
"../../../Engine/Content/Functions/Engine_MaterialFunctions01/Texturing/FlattenNormal.uasset" 61
"../../../Engine/Content/Functions/Engine_MaterialFunctions01/Texturing/ComputeMipLevel.uasset" 62
"../../../Engine/Content/Functions/Engine_MaterialFunctions01/Opacity/AlphaOffset.uasset" 63
"../../../Engine/Content/Functions/Engine_MaterialFunctions01/Gradient/LinearGradient.uasset" 64
"../../../Engine/Content/Functions/Engine_MaterialFunctions01/ImageAdjustment/CheapContrast.uasset" 65
"../../../Engine/Content/Functions/Engine_MaterialFunctions02/Utility/VectorLength.uasset" 66
"../../../Engine/Content/Functions/Engine_MaterialFunctions01/Gradient/BoxMask-2D.uasset" 67
"../../../Engine/Content/Functions/Engine_MaterialFunctions01/Coordinates/WorldPosition-XY.uasset" 68
"../../Plugins/Experimental/Water/Content/Textures/Normals/T_Water_TilingNormal_With_Height_02_Softened.uasset" 69
"../../Plugins/Experimental/Water/Content/Textures/Foam/T_WaterFlow_01_Foam_Tiled_N.uasset" 70
"../../Plugins/Experimental/Water/Content/Textures/Foam/T_WaterFlow_01_Foam_Tiled.uasset" 71
"../../Plugins/Experimental/Water/Content/FluidSimulation/WaveFoam/WaterDistanceField.uasset" 72
"../../Plugins/Experimental/Water/Content/FluidSimulation/WaveFoam/FoamRT.uasset" 73
"../../../Engine/Content/Functions/Engine_MaterialFunctions02/PivotPainter2/Black_1x1_EXR_Texture.uasset" 74
"../../../Engine/Content/Functions/Engine_MaterialFunctions02/ExampleContent/Textures/water_n.uasset" 75
"../../../Engine/Content/Functions/Engine_MaterialFunctions02/ExampleContent/Textures/water_d.uasset" 76
"../../../Engine/Content/Functions/Engine_MaterialFunctions02/ExampleContent/Textures/LowResBlurredNoise.uasset" 77
"../../../Engine/Content/EngineSky/VolumetricClouds/T_NoiseShape.uasset" 78
"../../../Engine/Content/EngineSky/VolumetricClouds/T_VolumeNoiseShape128.uasset" 79
"../../../Engine/Content/EngineResources/DefaultTexture.uasset" 80
"../../../Engine/Content/EngineResources/Black.uasset" 81
"../../../Engine/Content/EngineMaterials/DefaultNormal.uasset" 82
"../../../Engine/Content/EngineMaterials/DefaultDiffuse.uasset" 83
"../../Plugins/Experimental/Water/Content/Materials/MPC/MPC_Water.uasset" 84
"../../Plugins/Experimental/Water/Content/Materials/Layers/WaterAttributes.uasset" 85
"../../../Engine/Content/Functions/Engine_MaterialFunctions02/Utility/BreakOutFloat2Components.uasset" 86
"../../Plugins/Experimental/Water/Content/Materials/Functions/HighQualityTextureFiltering.uasset" 87
"../../Plugins/Experimental/Water/Content/Materials/Functions/WaterBodyData.uasset" 88
"../../../Engine/Content/Functions/Engine_MaterialFunctions03/Procedurals/NormalFromHeightmap.uasset" 89
"../../../Engine/Content/Functions/Engine_MaterialFunctions02/Texturing/HeightLerp.uasset" 90
"../../Plugins/Experimental/Water/Content/Materials/Layers/BeachFoam.uasset" 91
"../../../Engine/Content/Functions/Engine_MaterialFunctions02/Utility/CameraDirectionVector.uasset" 92
"../../Plugins/Experimental/Water/Content/Materials/Functions/WorldPositionBehindWater.uasset" 93
"../../Plugins/Experimental/Water/Content/Materials/Functions/WorldNormalBehindWater.uasset" 94
"../../Plugins/Experimental/Water/Content/Materials/Functions/WaveVelocityMask.uasset" 95
"../../Plugins/Experimental/Water/Content/Materials/Functions/ComputeWavesAttenuationFactor.uasset" 96
"../../Plugins/Experimental/Water/Content/Materials/Functions/WaveDepthFalloff_Overrides.uasset" 97
"../../../Engine/Content/Functions/Engine_MaterialFunctions02/Math/TimeWithSpeedVariable.uasset" 98
"../../Plugins/Experimental/Water/Content/Materials/Functions/WaterTextureWaves.uasset" 99
"../../Plugins/Experimental/Water/Content/Materials/Functions/WaterTextureSurface.uasset" 100
"../../../Engine/Content/Functions/Engine_MaterialFunctions02/Utility/LinearSine.uasset" 101
"../../../Engine/Content/Functions/Engine_MaterialFunctions02/Utility/BlendAngleCorrectedNormals.uasset" 102
"../../../Engine/Content/Functions/Engine_MaterialFunctions02/Utility/BreakOutFloat3Components.uasset" 103
"../../../Engine/Content/Functions/Engine_MaterialFunctions02/Math/Transform3x3Matrix.uasset" 104
"../../../Engine/Content/Functions/Engine_MaterialFunctions02/Texturing/Flowmaps.uasset" 105
"../../Plugins/Experimental/Water/Content/Materials/Functions/WaterRiverFlowmaps.uasset" 106
"../../Plugins/Experimental/Water/Content/Materials/Functions/WaterOpacityMaskFromDepth.uasset" 107
"../../Plugins/Experimental/Water/Content/Materials/Functions/WaterHeightMappingVS.uasset" 108
"../../Plugins/Experimental/Water/Content/Materials/Functions/WaterCoefficientMask.uasset" 109
"../../Plugins/Experimental/Water/Content/Materials/Functions/Water_Underside.uasset" 110
"../../Plugins/Experimental/Water/Content/Materials/Functions/SetWaveAttributes.uasset" 111
"../../Plugins/Experimental/Water/Content/FluidSimulation/Materials/Functions/Fluidsim_WorldPosition_to_UV.uasset" 112
"../../../Engine/Content/Functions/Engine_MaterialFunctions02/Utility/MakeFloat3.uasset" 113
"../../../Engine/Content/Functions/Engine_MaterialFunctions02/SafeNormalize.uasset" 114
"../../Plugins/Experimental/Water/Content/Materials/Functions/SampleFluidSimulation.uasset" 115
"../../Plugins/Experimental/Water/Content/Materials/Functions/GetWaterTime.uasset" 116
"../../Plugins/Experimental/Water/Content/Materials/Functions/ComputeGerstnerWaves.uasset" 117
"../../Plugins/Experimental/Water/Content/Caustics/Materials/Functions/GetDistortionUV.uasset" 118
"../../Plugins/Experimental/Water/Content/Caustics/Materials/Functions/WaterCaustics_GerstnerWaves.uasset" 119
"../../../../../../Users/minip/Documents/Uni Backup/3D Games - GAP - Final Project/3D GAP Unreal Game/FinalGameProject/Content/Materials/Water_Material.uasset" 120
"../../../../../../Users/minip/Documents/Uni Backup/3D Games - GAP - Final Project/3D GAP Unreal Game/FinalGameProject/Content/Models/Environment/blinn1.uasset" 121
"../../../../../../Users/minip/Documents/Uni Backup/3D Games - GAP - Final Project/3D GAP Unreal Game/FinalGameProject/Content/Materials/SandV1_Mat.uasset" 122
"../../../Engine/Content/BasicShapes/Cylinder.uasset" 123
"../../../../../../Users/minip/Documents/Uni Backup/3D Games - GAP - Final Project/3D GAP Unreal Game/FinalGameProject/Content/Models/Environment/Cylinder_Blueprint.uasset" 124
"../../../../../../Users/minip/Documents/Uni Backup/3D Games - GAP - Final Project/3D GAP Unreal Game/FinalGameProject/Content/Materials/BarkV1.uasset" 125
"../../../../../../Users/minip/Documents/Uni Backup/3D Games - GAP - Final Project/3D GAP Unreal Game/FinalGameProject/Content/Materials/BarkV1_Mat.uasset" 126
"../../../../../../Users/minip/Documents/Uni Backup/3D Games - GAP - Final Project/3D GAP Unreal Game/FinalGameProject/Content/Models/Environment/GrateV1_2.uasset" 127
"../../../../../../Users/minip/Documents/Uni Backup/3D Games - GAP - Final Project/3D GAP Unreal Game/FinalGameProject/Content/Models/Environment/KingSpectatorMaterialV1.uasset" 128
"../../../../../../Users/minip/Documents/Uni Backup/3D Games - GAP - Final Project/3D GAP Unreal Game/FinalGameProject/Content/Materials/KingSpectatorMaterialV1.uasset" 129
"../../../../../../Users/minip/Documents/Uni Backup/3D Games - GAP - Final Project/3D GAP Unreal Game/FinalGameProject/Content/Materials/KingSpectatorMaterialV1_Mat.uasset" 130
"../../../../../../Users/minip/Documents/Uni Backup/3D Games - GAP - Final Project/3D GAP Unreal Game/FinalGameProject/Content/Models/Environment/KingSpectatorV1.uasset" 131
"../../../../../../Users/minip/Documents/Uni Backup/3D Games - GAP - Final Project/3D GAP Unreal Game/FinalGameProject/Content/Models/Environment/lambert1.uasset" 132
"../../../../../../Users/minip/Documents/Uni Backup/3D Games - GAP - Final Project/3D GAP Unreal Game/FinalGameProject/Content/Models/Environment/KingSpectatorV2.uasset" 133
"../../../../../../Users/minip/Documents/Uni Backup/3D Games - GAP - Final Project/3D GAP Unreal Game/FinalGameProject/Content/Models/Environment/PillarV1.uasset" 134
"../../../../../../Users/minip/Documents/Uni Backup/3D Games - GAP - Final Project/3D GAP Unreal Game/FinalGameProject/Content/Models/Environment/SpectatorV2.uasset" 135
"../../../../../../Users/minip/Documents/Uni Backup/3D Games - GAP - Final Project/3D GAP Unreal Game/FinalGameProject/Content/Materials/WoodyV1.uasset" 136
"../../../../../../Users/minip/Documents/Uni Backup/3D Games - GAP - Final Project/3D GAP Unreal Game/FinalGameProject/Content/Materials/WoodyV1_Mat.uasset" 137
"../../../../../../Users/minip/Documents/Uni Backup/3D Games - GAP - Final Project/3D GAP Unreal Game/FinalGameProject/Content/Models/Environment/WHeelbarrowV1.uasset" 138
"../../../../../../Users/minip/Documents/Uni Backup/3D Games - GAP - Final Project/3D GAP Unreal Game/FinalGameProject/Content/Models/WhiteBoxing/phong1.uasset" 139
"../../../../../../Users/minip/Documents/Uni Backup/3D Games - GAP - Final Project/3D GAP Unreal Game/FinalGameProject/Content/Models/WhiteBoxing/lambert1.uasset" 140
"../../../../../../Users/minip/Documents/Uni Backup/3D Games - GAP - Final Project/3D GAP Unreal Game/FinalGameProject/Content/Models/WhiteBoxing/WB_2ndRingV11.uasset" 141
"../../../../../../Users/minip/Documents/Uni Backup/3D Games - GAP - Final Project/3D GAP Unreal Game/FinalGameProject/Content/UI/KingText2.uasset" 142
"../../../../../../Users/minip/Documents/Uni Backup/3D Games - GAP - Final Project/3D GAP Unreal Game/FinalGameProject/Content/UI/BP_KingText2.uasset" 143
"../../../../../../Users/minip/Documents/Uni Backup/3D Games - GAP - Final Project/3D GAP Unreal Game/FinalGameProject/Content/UI/KingText1.uasset" 144
"../../../../../../Users/minip/Documents/Uni Backup/3D Games - GAP - Final Project/3D GAP Unreal Game/FinalGameProject/Content/UI/BP_KingText1.uasset" 145
"../../../../../../Users/minip/Documents/Uni Backup/3D Games - GAP - Final Project/3D GAP Unreal Game/FinalGameProject/Content/Animation/KingAnimation/Seated_Idle_Anim_mixamo_com.uasset" 146
"../../../../../../Users/minip/Documents/Uni Backup/3D Games - GAP - Final Project/3D GAP Unreal Game/FinalGameProject/Content/Sequencer/Cutscene.uasset" 147
"../../../../../../Users/minip/Documents/Uni Backup/3D Games - GAP - Final Project/3D GAP Unreal Game/FinalGameProject/Content/Sound/FIreDamageV1.uasset" 148
"../../../../../../Users/minip/Documents/Uni Backup/3D Games - GAP - Final Project/3D GAP Unreal Game/FinalGameProject/Content/Sound/FireDamageAttenuation.uasset" 149
"../../../../../../Users/minip/Documents/Uni Backup/3D Games - GAP - Final Project/3D GAP Unreal Game/FinalGameProject/Content/Sound/FIreDamageV1_Cue.uasset" 150
"../../../../../../Users/minip/Documents/Uni Backup/3D Games - GAP - Final Project/3D GAP Unreal Game/FinalGameProject/Content/StarterContent/Geometry/Meshes/CubeMaterial.uasset" 151
"../../../../../../Users/minip/Documents/Uni Backup/3D Games - GAP - Final Project/3D GAP Unreal Game/FinalGameProject/Content/StarterContent/Geometry/Meshes/1M_Cube.uasset" 152
"../../../../../../Users/minip/Documents/Uni Backup/3D Games - GAP - Final Project/3D GAP Unreal Game/FinalGameProject/Content/StarterContent/Geometry/Meshes/1M_Cube_Chamfer.uasset" 153
"../../../../../../Users/minip/Documents/Uni Backup/3D Games - GAP - Final Project/3D GAP Unreal Game/FinalGameProject/Content/StarterContent/Geometry/Meshes/TemplateFloor.uasset" 154
"../../../../../../Users/minip/Documents/Uni Backup/3D Games - GAP - Final Project/3D GAP Unreal Game/FinalGameProject/Content/StarterContent/Mannequin/Animations/Beta_HighLimbsGeoSG2.uasset" 155
"../../../../../../Users/minip/Documents/Uni Backup/3D Games - GAP - Final Project/3D GAP Unreal Game/FinalGameProject/Content/StarterContent/Mannequin/Animations/Beta_Joints_MAT.uasset" 156
"../../../../../../Users/minip/Documents/Uni Backup/3D Games - GAP - Final Project/3D GAP Unreal Game/FinalGameProject/Content/StarterContent/Mannequin/Animations/DaggerStabV1.uasset" 157
"../../../../../../Users/minip/Documents/Uni Backup/3D Games - GAP - Final Project/3D GAP Unreal Game/FinalGameProject/Content/StarterContent/Mannequin/Animations/Stabbing.uasset" 158
"../../../../../../Users/minip/Documents/Uni Backup/3D Games - GAP - Final Project/3D GAP Unreal Game/FinalGameProject/Content/StarterContent/Mannequin/Character/Mesh/UE4_Mannequin_Skeleton.uasset" 159
"../../../../../../Users/minip/Documents/Uni Backup/3D Games - GAP - Final Project/3D GAP Unreal Game/FinalGameProject/Content/StarterContent/Mannequin/Animations/ThirdPersonJump_End.uasset" 160
"../../../../../../Users/minip/Documents/Uni Backup/3D Games - GAP - Final Project/3D GAP Unreal Game/FinalGameProject/Content/StarterContent/Mannequin/Character/Mesh/SK_Mannequin_Female_PhysicsAsset.uasset" 161
"../../../../../../Users/minip/Documents/Uni Backup/3D Games - GAP - Final Project/3D GAP Unreal Game/FinalGameProject/Content/StarterContent/Mannequin/Character/Textures/T_UE4Logo_N.uasset" 162
"../../../../../../Users/minip/Documents/Uni Backup/3D Games - GAP - Final Project/3D GAP Unreal Game/FinalGameProject/Content/StarterContent/Mannequin/Character/Textures/T_UE4Logo_Mask.uasset" 163
"../../../../../../Users/minip/Documents/Uni Backup/3D Games - GAP - Final Project/3D GAP Unreal Game/FinalGameProject/Content/StarterContent/Mannequin/Character/Textures/T_Male_N.uasset" 164
"../../../../../../Users/minip/Documents/Uni Backup/3D Games - GAP - Final Project/3D GAP Unreal Game/FinalGameProject/Content/StarterContent/Mannequin/Character/Textures/T_Male_Mask.uasset" 165
"../../../../../../Users/minip/Documents/Uni Backup/3D Games - GAP - Final Project/3D GAP Unreal Game/FinalGameProject/Content/StarterContent/Mannequin/Character/Materials/MaterialLayers/T_ML_Rubber_Blue_01_N.uasset" 166
"../../../../../../Users/minip/Documents/Uni Backup/3D Games - GAP - Final Project/3D GAP Unreal Game/FinalGameProject/Content/StarterContent/Mannequin/Character/Materials/MaterialLayers/T_ML_Rubber_Blue_01_D.uasset" 167
"../../../../../../Users/minip/Documents/Uni Backup/3D Games - GAP - Final Project/3D GAP Unreal Game/FinalGameProject/Content/StarterContent/Mannequin/Character/Materials/MaterialLayers/T_ML_Aluminum01_N.uasset" 168
"../../../../../../Users/minip/Documents/Uni Backup/3D Games - GAP - Final Project/3D GAP Unreal Game/FinalGameProject/Content/StarterContent/Mannequin/Character/Materials/MaterialLayers/T_ML_Aluminum01.uasset" 169
"../../../../../../Users/minip/Documents/Uni Backup/3D Games - GAP - Final Project/3D GAP Unreal Game/FinalGameProject/Content/StarterContent/Mannequin/Character/Materials/MaterialLayers/ML_SoftMetal_UE4.uasset" 170
"../../../../../../Users/minip/Documents/Uni Backup/3D Games - GAP - Final Project/3D GAP Unreal Game/FinalGameProject/Content/StarterContent/Mannequin/Character/Materials/MaterialLayers/ML_Plastic_Shiny_Beige_LOGO.uasset" 171
"../../../../../../Users/minip/Documents/Uni Backup/3D Games - GAP - Final Project/3D GAP Unreal Game/FinalGameProject/Content/StarterContent/Mannequin/Character/Materials/MaterialLayers/ML_Plastic_Shiny_Beige.uasset" 172
"../../../../../../Users/minip/Documents/Uni Backup/3D Games - GAP - Final Project/3D GAP Unreal Game/FinalGameProject/Content/StarterContent/Mannequin/Character/Materials/MaterialLayers/ML_GlossyBlack_Latex_UE4.uasset" 173
"../../../Engine/Content/Functions/MaterialLayerFunctions/MatLayerBlend_Simple.uasset" 174
"../../../Engine/Content/Functions/MaterialLayerFunctions/MatLayerBlend_NormalBlend.uasset" 175
"../../../../../../Users/minip/Documents/Uni Backup/3D Games - GAP - Final Project/3D GAP Unreal Game/FinalGameProject/Content/StarterContent/Mannequin/Character/Materials/M_Male_Body.uasset" 176
"../../../../../../Users/minip/Documents/Uni Backup/3D Games - GAP - Final Project/3D GAP Unreal Game/FinalGameProject/Content/StarterContent/Mannequin/Character/Materials/M_UE4Man_ChestLogo.uasset" 177
"../../../../../../Users/minip/Documents/Uni Backup/3D Games - GAP - Final Project/3D GAP Unreal Game/FinalGameProject/Content/StarterContent/Mannequin/Character/Textures/T_Female_N.uasset" 178
"../../../../../../Users/minip/Documents/Uni Backup/3D Games - GAP - Final Project/3D GAP Unreal Game/FinalGameProject/Content/StarterContent/Mannequin/Character/Textures/T_Female_Mask.uasset" 179
"../../../../../../Users/minip/Documents/Uni Backup/3D Games - GAP - Final Project/3D GAP Unreal Game/FinalGameProject/Content/StarterContent/Mannequin/Character/Materials/MI_Female_Body.uasset" 180
"../../../../../../Users/minip/Documents/Uni Backup/3D Games - GAP - Final Project/3D GAP Unreal Game/FinalGameProject/Content/StarterContent/Mannequin/Character/Mesh/SK_Mannequin_Female.uasset" 181
"../../../../../../Users/minip/Documents/Uni Backup/3D Games - GAP - Final Project/3D GAP Unreal Game/FinalGameProject/Content/StarterContent/ThirdPersonBP/ThirdPersonOverview.uasset" 182
"../../../../../../Users/minip/Documents/Uni Backup/3D Games - GAP - Final Project/3D GAP Unreal Game/FinalGameProject/Content/StarterContent/Mannequin/Animations/ThirdPersonWalk.uasset" 183
"../../../../../../Users/minip/Documents/Uni Backup/3D Games - GAP - Final Project/3D GAP Unreal Game/FinalGameProject/Content/StarterContent/Mannequin/Animations/ThirdPersonRun.uasset" 184
"../../../../../../Users/minip/Documents/Uni Backup/3D Games - GAP - Final Project/3D GAP Unreal Game/FinalGameProject/Content/StarterContent/Mannequin/Animations/ThirdPersonIdle.uasset" 185
"../../../../../../Users/minip/Documents/Uni Backup/3D Games - GAP - Final Project/3D GAP Unreal Game/FinalGameProject/Content/StarterContent/Mannequin/Animations/ThirdPerson_IdleRun_2D.uasset" 186
"../../../../../../Users/minip/Documents/Uni Backup/3D Games - GAP - Final Project/3D GAP Unreal Game/FinalGameProject/Content/StarterContent/Mannequin/Animations/ThirdPerson_Jump.uasset" 187
"../../../../../../Users/minip/Documents/Uni Backup/3D Games - GAP - Final Project/3D GAP Unreal Game/FinalGameProject/Content/StarterContent/Mannequin/Animations/ThirdPersonJump_Start.uasset" 188
"../../../../../../Users/minip/Documents/Uni Backup/3D Games - GAP - Final Project/3D GAP Unreal Game/FinalGameProject/Content/StarterContent/Mannequin/Animations/ThirdPersonJump_Loop.uasset" 189
"../../../Engine/Content/EditorBlueprintResources/StandardMacros.uasset" 190
"../../../../../../Users/minip/Documents/Uni Backup/3D Games - GAP - Final Project/3D GAP Unreal Game/FinalGameProject/Content/StarterContent/Mannequin/Animations/ThirdPerson_AnimBP.uasset" 191
"../../../../../../Users/minip/Documents/Uni Backup/3D Games - GAP - Final Project/3D GAP Unreal Game/FinalGameProject/Content/Materials/MetalAxeV1.uasset" 192
"../../../../../../Users/minip/Documents/Uni Backup/3D Games - GAP - Final Project/3D GAP Unreal Game/FinalGameProject/Content/Materials/MetalAxeV1_Mat.uasset" 193
"../../../../../../Users/minip/Documents/Uni Backup/3D Games - GAP - Final Project/3D GAP Unreal Game/FinalGameProject/Content/Materials/AxeHoldV1.uasset" 194
"../../../../../../Users/minip/Documents/Uni Backup/3D Games - GAP - Final Project/3D GAP Unreal Game/FinalGameProject/Content/Materials/AxeHoldV1_Mat.uasset" 195
"../../../../../../Users/minip/Documents/Uni Backup/3D Games - GAP - Final Project/3D GAP Unreal Game/FinalGameProject/Content/Models/Environment/AxeV1.uasset" 196
"../../../../../../Users/minip/Documents/Uni Backup/3D Games - GAP - Final Project/3D GAP Unreal Game/FinalGameProject/Content/UI/Images/SpearThumbnail.uasset" 197
"../../../../../../Users/minip/Documents/Uni Backup/3D Games - GAP - Final Project/3D GAP Unreal Game/FinalGameProject/Content/UI/Images/KnifeThumbnail.uasset" 198
"../../../../../../Users/minip/Documents/Uni Backup/3D Games - GAP - Final Project/3D GAP Unreal Game/FinalGameProject/Content/UI/Images/AxeThumbnail.uasset" 199
"../../../../../../Users/minip/Documents/Uni Backup/3D Games - GAP - Final Project/3D GAP Unreal Game/FinalGameProject/Content/UI/Images/TitleScreenImage.uasset" 200
"../../../../../../Users/minip/Documents/Uni Backup/3D Games - GAP - Final Project/3D GAP Unreal Game/FinalGameProject/Content/UI/TitleScreen.uasset" 201
"../../../../../../Users/minip/Documents/Uni Backup/3D Games - GAP - Final Project/3D GAP Unreal Game/FinalGameProject/Content/UI/PlayerUI.uasset" 202
"../../../../../../Users/minip/Documents/Uni Backup/3D Games - GAP - Final Project/3D GAP Unreal Game/FinalGameProject/Content/UI/PauseMenu.uasset" 203
"../../../../../../Users/minip/Documents/Uni Backup/3D Games - GAP - Final Project/3D GAP Unreal Game/FinalGameProject/Content/Movies/CutscenePlayer.uasset" 204
"../../../../../../Users/minip/Documents/Uni Backup/3D Games - GAP - Final Project/3D GAP Unreal Game/FinalGameProject/Content/Movies/CutscenePlayer_Video.uasset" 205
"../../../../../../Users/minip/Documents/Uni Backup/3D Games - GAP - Final Project/3D GAP Unreal Game/FinalGameProject/Content/Movies/CutscenePlayer_Video_Mat.uasset" 206
"../../../../../../Users/minip/Documents/Uni Backup/3D Games - GAP - Final Project/3D GAP Unreal Game/FinalGameProject/Content/Movies/GameCutscene.uasset" 207
"../../../../../../Users/minip/Documents/Uni Backup/3D Games - GAP - Final Project/3D GAP Unreal Game/FinalGameProject/Content/UI/IntroVIdeo.uasset" 208
"../../../../../../Users/minip/Documents/Uni Backup/3D Games - GAP - Final Project/3D GAP Unreal Game/FinalGameProject/Content/Sound/WAV_PlayerHit.uasset" 209
"../../../../../../Users/minip/Documents/Uni Backup/3D Games - GAP - Final Project/3D GAP Unreal Game/FinalGameProject/Content/Sound/WAV_PlayerHit_Cue.uasset" 210
"../../../../../../Users/minip/Documents/Uni Backup/3D Games - GAP - Final Project/3D GAP Unreal Game/FinalGameProject/Content/Sound/WAV_EnemyHit.uasset" 211
"../../../../../../Users/minip/Documents/Uni Backup/3D Games - GAP - Final Project/3D GAP Unreal Game/FinalGameProject/Content/Sound/WAV_EnemyHit_Cue.uasset" 212
"../../../../../../Users/minip/Documents/Uni Backup/3D Games - GAP - Final Project/3D GAP Unreal Game/FinalGameProject/Content/Sound/EatingSoundV1.uasset" 213
"../../../../../../Users/minip/Documents/Uni Backup/3D Games - GAP - Final Project/3D GAP Unreal Game/FinalGameProject/Content/Materials/GoldV1.uasset" 214
"../../../../../../Users/minip/Documents/Uni Backup/3D Games - GAP - Final Project/3D GAP Unreal Game/FinalGameProject/Content/Materials/GoldV1_Mat.uasset" 215
"../../../../../../Users/minip/Documents/Uni Backup/3D Games - GAP - Final Project/3D GAP Unreal Game/FinalGameProject/Content/Materials/WheelbarrowShellWoodV1.uasset" 216
"../../../../../../Users/minip/Documents/Uni Backup/3D Games - GAP - Final Project/3D GAP Unreal Game/FinalGameProject/Content/Materials/WheelbarrowShellWoodV1_Mat.uasset" 217
"../../../../../../Users/minip/Documents/Uni Backup/3D Games - GAP - Final Project/3D GAP Unreal Game/FinalGameProject/Content/Models/Environment/SpearV1.uasset" 218
"../../../../../../Users/minip/Documents/Uni Backup/3D Games - GAP - Final Project/3D GAP Unreal Game/FinalGameProject/Content/Materials/CutWoodV1.uasset" 219
"../../../../../../Users/minip/Documents/Uni Backup/3D Games - GAP - Final Project/3D GAP Unreal Game/FinalGameProject/Content/Materials/CutWoodV1_Mat.uasset" 220
"../../../../../../Users/minip/Documents/Uni Backup/3D Games - GAP - Final Project/3D GAP Unreal Game/FinalGameProject/Content/Models/Equipment/BladeV1_.uasset" 221
"../../../../../../Users/minip/Documents/Uni Backup/3D Games - GAP - Final Project/3D GAP Unreal Game/FinalGameProject/Content/UI/WeaponPickup.uasset" 222
"../../../../../../Users/minip/Documents/Uni Backup/3D Games - GAP - Final Project/3D GAP Unreal Game/FinalGameProject/Content/Materials/ChickenUVs_V3.uasset" 223
"../../../../../../Users/minip/Documents/Uni Backup/3D Games - GAP - Final Project/3D GAP Unreal Game/FinalGameProject/Content/Materials/ChickenUVs_V3_Mat1.uasset" 224
"../../../../../../Users/minip/Documents/Uni Backup/3D Games - GAP - Final Project/3D GAP Unreal Game/FinalGameProject/Content/Models/Environment/ChickenV1.uasset" 225
"../../../../../../Users/minip/Documents/Uni Backup/3D Games - GAP - Final Project/3D GAP Unreal Game/FinalGameProject/Content/Blueprints/HealthChicken.uasset" 226
"../../../../../../Users/minip/Documents/Uni Backup/3D Games - GAP - Final Project/3D GAP Unreal Game/FinalGameProject/Content/Blueprints/ChickenSpawner.uasset" 227
"../../../../../../Users/minip/Documents/Uni Backup/3D Games - GAP - Final Project/3D GAP Unreal Game/FinalGameProject/Content/Sword_And_Shield_Death.uasset" 228
"../../../../../../Users/minip/Documents/Uni Backup/3D Games - GAP - Final Project/3D GAP Unreal Game/FinalGameProject/Content/StarterContent/Mannequin/Character/Mesh/SK_Mannequin_PhysicsAsset.uasset" 229
"../../../../../../Users/minip/Documents/Uni Backup/3D Games - GAP - Final Project/3D GAP Unreal Game/FinalGameProject/Content/StarterContent/Mannequin/Character/Mesh/SK_Mannequin.uasset" 230
"../../../../../../Users/minip/Documents/Uni Backup/3D Games - GAP - Final Project/3D GAP Unreal Game/FinalGameProject/Content/Blueprints/SpearMeleeHit.uasset" 231
"../../../../../../Users/minip/Documents/Uni Backup/3D Games - GAP - Final Project/3D GAP Unreal Game/FinalGameProject/Content/Stabbing.uasset" 232
"../../../../../../Users/minip/Documents/Uni Backup/3D Games - GAP - Final Project/3D GAP Unreal Game/FinalGameProject/Content/Blueprints/BladeMeleeHit.uasset" 233
"../../../../../../Users/minip/Documents/Uni Backup/3D Games - GAP - Final Project/3D GAP Unreal Game/FinalGameProject/Content/DaggerStabV1.uasset" 234
"../../../../../../Users/minip/Documents/Uni Backup/3D Games - GAP - Final Project/3D GAP Unreal Game/FinalGameProject/Content/StarterContent/ThirdPersonBP/Blueprints/ThirdPersonCharacter.uasset" 235
"../../../../../../Users/minip/Documents/Uni Backup/3D Games - GAP - Final Project/3D GAP Unreal Game/FinalGameProject/Content/Blueprints/AxeMeleeHit.uasset" 236
"../../../../../../Users/minip/Documents/Uni Backup/3D Games - GAP - Final Project/3D GAP Unreal Game/FinalGameProject/Content/Blueprints/MeleeHit.uasset" 237
"../../../../../../Users/minip/Documents/Uni Backup/3D Games - GAP - Final Project/3D GAP Unreal Game/FinalGameProject/Content/Sword_And_Shield_Slash__2_.uasset" 238
"../../../../../../Users/minip/Documents/Uni Backup/3D Games - GAP - Final Project/3D GAP Unreal Game/FinalGameProject/Content/StarterContent/ThirdPersonBP/Blueprints/ThirdPersonEnemy.uasset" 239
"../../../../../../Users/minip/Documents/Uni Backup/3D Games - GAP - Final Project/3D GAP Unreal Game/FinalGameProject/Content/StylizedRocks/Materials/M_RockMaterial.uasset" 240
"../../../../../../Users/minip/Documents/Uni Backup/3D Games - GAP - Final Project/3D GAP Unreal Game/FinalGameProject/Content/StylizedRocks/SM_StylizedRock1.uasset" 241
"../../../../../../Users/minip/Documents/Uni Backup/3D Games - GAP - Final Project/3D GAP Unreal Game/FinalGameProject/Content/StylizedRocks/SM_StylizedRock11.uasset" 242
"../../../../../../Users/minip/Documents/Uni Backup/3D Games - GAP - Final Project/3D GAP Unreal Game/FinalGameProject/Content/StylizedRocks/JinviraAdventurersHutFoliageSample/JinviraHutExampleMap_BuiltData.uasset" 243
"../../../../../../Users/minip/Documents/Uni Backup/3D Games - GAP - Final Project/3D GAP Unreal Game/FinalGameProject/Content/StylizedRocks/JinviraAdventurersHutFoliageSample/Materials/M_AdventurersHut.uasset" 244
"../../../../../../Users/minip/Documents/Uni Backup/3D Games - GAP - Final Project/3D GAP Unreal Game/FinalGameProject/Content/StylizedRocks/JinviraAdventurersHutFoliageSample/Materials/T_AdventurersHut.uasset" 245
"../../../../../../Users/minip/Documents/Uni Backup/3D Games - GAP - Final Project/3D GAP Unreal Game/FinalGameProject/Content/StylizedRocks/JinviraAdventurersHutFoliageSample/Meshes/SM_Rock1_Snow.uasset" 246
"../../../../../../Users/minip/Documents/Uni Backup/3D Games - GAP - Final Project/3D GAP Unreal Game/FinalGameProject/Content/StylizedRocks/JinviraAdventurersHutFoliageSample/Meshes/SM_Rock2_Snow.uasset" 247
"../../../../../../Users/minip/Documents/Uni Backup/3D Games - GAP - Final Project/3D GAP Unreal Game/FinalGameProject/Content/StylizedRocks/JinviraAdventurersHutFoliageSample/Meshes/SM_Rock3_Snow.uasset" 248
"../../../../../../Users/minip/Documents/Uni Backup/3D Games - GAP - Final Project/3D GAP Unreal Game/FinalGameProject/Content/StylizedRocks/JinviraAdventurersHutFoliageSample/Meshes/SM_Rock4_Snow.uasset" 249
"../../../../../../Users/minip/Documents/Uni Backup/3D Games - GAP - Final Project/3D GAP Unreal Game/FinalGameProject/Content/StylizedRocks/JinviraAdventurersHutFoliageSample/Meshes/SM_Tree1.uasset" 250
"../../../../../../Users/minip/Documents/Uni Backup/3D Games - GAP - Final Project/3D GAP Unreal Game/FinalGameProject/Content/StylizedRocks/JinviraAdventurersHutFoliageSample/Meshes/SM_Tree1_Snow.uasset" 251
"../../../../../../Users/minip/Documents/Uni Backup/3D Games - GAP - Final Project/3D GAP Unreal Game/FinalGameProject/Content/StylizedRocks/JinviraAdventurersHutFoliageSample/Meshes/SM_Tree2.uasset" 252
"../../../../../../Users/minip/Documents/Uni Backup/3D Games - GAP - Final Project/3D GAP Unreal Game/FinalGameProject/Content/StylizedRocks/JinviraAdventurersHutFoliageSample/Meshes/SM_Tree2_Snow.uasset" 253
"../../../../../../Users/minip/Documents/Uni Backup/3D Games - GAP - Final Project/3D GAP Unreal Game/FinalGameProject/Content/StylizedRocks/JinviraAdventurersHutFoliageSample/Meshes/SM_Tree6.uasset" 254
"../../../../../../Users/minip/Documents/Uni Backup/3D Games - GAP - Final Project/3D GAP Unreal Game/FinalGameProject/Content/StylizedRocks/JinviraAdventurersHutFoliageSample/Meshes/SM_Tree6_Snow.uasset" 255
"../../../../../../Users/minip/Documents/Uni Backup/3D Games - GAP - Final Project/3D GAP Unreal Game/FinalGameProject/Content/StylizedRocks/Materials/M_GrassGround.uasset" 256
"../../../../../../Users/minip/Documents/Uni Backup/3D Games - GAP - Final Project/3D GAP Unreal Game/FinalGameProject/Content/StylizedRocks/Materials/M_GrassMaterial.uasset" 257
"../../../Engine/Content/EngineMaterials/WorldGridMaterial.uasset" 258
"../../../Engine/Content/ArtTools/RenderToTexture/Meshes/S_1_Unit_Plane.uasset" 259
"../../../Engine/Content/EditorLandscapeResources/DataLayer.uasset" 260
"../../../Engine/Content/EditorLandscapeResources/DefaultAlphaTexture.uasset" 261
"../../../Engine/Content/EditorMaterials/MAT_Groups_Toggle.uasset" 262
"../../../Engine/Content/EditorMaterials/MAT_Groups_Visibility.uasset" 263
"../../../Engine/Content/EditorMaterials/PreviewShadowIndicator.uasset" 264
"../../../Engine/Content/EditorMaterials/PreviewShadowIndicatorMaterial.uasset" 265
"../../../Engine/Content/EditorMaterials/MatineeGroups/MAT_ColorTrack.uasset" 266
"../../../Engine/Content/EditorMaterials/MatineeGroups/MAT_Groups_Anim.uasset" 267
"../../../Engine/Content/EditorMaterials/MatineeGroups/MAT_Groups_AudioMaster.uasset" 268
"../../../Engine/Content/EditorMaterials/MatineeGroups/MAT_Groups_Director.uasset" 269
"../../../Engine/Content/EditorMaterials/MatineeGroups/MAT_Groups_Event.uasset" 270
"../../../Engine/Content/EditorMaterials/MatineeGroups/MAT_Groups_Fade.uasset" 271
"../../../Engine/Content/EditorMaterials/MatineeGroups/MAT_Groups_Float.uasset" 272
"../../../Engine/Content/EditorMaterials/MatineeGroups/MAT_Groups_Move.uasset" 273
"../../../Engine/Content/EditorMaterials/MatineeGroups/MAT_Groups_Slomo.uasset" 274
"../../../Engine/Content/EditorMaterials/MatineeGroups/MAT_Groups_Sound.uasset" 275
"../../../Engine/Content/EditorMaterials/MatineeGroups/MAT_Groups_Vector.uasset" 276
"../../../Engine/Content/EditorMaterials/ParticleSystems/PSysThumbnail_NoImage.uasset" 277
"../../../Engine/Content/EditorMaterials/ParticleSystems/PSysThumbnail_OOD.uasset" 278
"../../../Engine/Content/EditorMaterials/Camera/CineMat.uasset" 279
"../../../Engine/Content/EditorMaterials/Camera/MI_CineMat_Rig.uasset" 280
"../../../Engine/Content/EditorMeshes/Camera/SM_CraneRig_Arm.uasset" 281
"../../../Engine/Content/EditorMeshes/Camera/SM_CraneRig_Base.uasset" 282
"../../../Engine/Content/EditorMeshes/Camera/SM_CraneRig_Body.uasset" 283
"../../../Engine/Content/EditorMeshes/Camera/SM_CraneRig_Mount.uasset" 284
"../../../Engine/Content/EditorMeshes/Camera/SM_RailRig_Mount.uasset" 285
"../../../Engine/Content/EditorMeshes/Camera/SM_RailRig_Track.uasset" 286
"../../../Engine/Content/EditorResources/BSPVertex.uasset" 287
"../../../Engine/Content/EditorResources/EmptyActor.uasset" 288
"../../../Engine/Content/EditorResources/S_Actor.uasset" 289
"../../../Engine/Content/EditorResources/S_Note.uasset" 290
"../../../Engine/Content/EditorResources/S_Solver.uasset" 291
"../../../Engine/Content/EditorResources/S_Terrain.uasset" 292
"../../../Engine/Content/EditorResources/S_Trigger.uasset" 293
"../../../Engine/Content/EditorResources/AudioIcons/S_AudioComponent_AutoActivate.uasset" 294
"../../../Engine/Content/EditorResources/LightIcons/S_LightError.uasset" 295
"../../../Engine/Content/EditorResources/SequenceRecorder/Countdown.uasset" 296
"../../../Engine/Content/EditorResources/SequenceRecorder/RecordingIndicator.uasset" 297
"../../../Engine/Content/EngineDamageTypes/DmgTypeBP_Environmental.uasset" 298
"../../../Engine/Content/EngineDebugMaterials/DebugEditorMaterial.uasset" 299
"../../../Engine/Content/EngineDebugMaterials/DebugMeshMaterial.uasset" 300
"../../../Engine/Content/EngineDebugMaterials/M_SimpleUnlitTranslucent.uasset" 301
"../../../Engine/Content/EngineDebugMaterials/VolumeToRender.uasset" 302
"../../../Engine/Content/EngineDebugMaterials/M_VolumeRenderSphereTracePP.uasset" 303
"../../../Engine/Content/Functions/Engine_MaterialFunctions01/Shading/ConvertFromDiffSpec.uasset" 304
"../../../Engine/Content/EngineDebugMaterials/VertexColorMaterial.uasset" 305
"../../../Engine/Content/EngineDebugMaterials/WireframeMaterial.uasset" 306
"../../../Engine/Content/EngineFonts/Faces/RobotoRegular.uasset" 307
"../../../Engine/Content/EngineFonts/Faces/RobotoLight.uasset" 308
"../../../Engine/Content/EngineFonts/Faces/RobotoItalic.uasset" 309
"../../../Engine/Content/EngineFonts/Faces/RobotoBoldItalic.uasset" 310
"../../../Engine/Content/EngineFonts/Faces/RobotoBold.uasset" 311
"../../../Engine/Content/EngineFonts/Faces/DroidSansFallback.uasset" 312
"../../../Engine/Content/EngineFonts/Roboto.uasset" 313
"../../../Engine/Content/EngineMaterials/BaseFlattenNormalMap.uasset" 314
"../../../Engine/Content/EngineMaterials/BaseFlattenGrayscaleMap.uasset" 315
"../../../Engine/Content/EngineMaterials/BaseFlattenEmissiveMap.uasset" 316
"../../../Engine/Content/EngineMaterials/BaseFlattenDiffuseMap.uasset" 317
"../../../Engine/Content/EngineMaterials/BaseFlattenMaterial.uasset" 318
"../../../Engine/Content/EngineMaterials/BlueNoise.uasset" 319
"../../../Engine/Content/EngineMaterials/DefaultBloomKernel.uasset" 320
"../../../Engine/Content/EngineMaterials/DefaultBokeh.uasset" 321
"../../../Engine/Content/EngineMaterials/DefaultDeferredDecalMaterial.uasset" 322
"../../../Engine/Content/EngineMaterials/DefaultLightFunctionMaterial.uasset" 323
"../../../Engine/Content/EngineMaterials/DefaultPostProcessMaterial.uasset" 324
"../../../Engine/Content/EngineFonts/RobotoDistanceField.uasset" 325
"../../../Engine/Content/EngineMaterials/DefaultTextMaterialOpaque.uasset" 326
"../../../Engine/Content/EngineMaterials/DefaultWhiteGrid.uasset" 327
"../../../Engine/Content/EngineMaterials/DefaultWhiteGrid_Low.uasset" 328
"../../../Engine/Content/EngineMaterials/EmissiveMeshMaterial.uasset" 329
"../../../Engine/Content/EngineMaterials/GizmoMaterial.uasset" 330
"../../../Engine/Content/EngineMaterials/Good64x64TilingNoiseHighFreq.uasset" 331
"../../../Engine/Content/EngineMaterials/MiniFont.uasset" 332
"../../../Engine/Content/EngineMaterials/InvalidLightmapSettings.uasset" 333
"../../../Engine/Content/EngineMaterials/M_InvalidLightmapSettings.uasset" 334
"../../../Engine/Content/Functions/Engine_MaterialFunctions02/WorldPositionOffset/CameraOffset.uasset" 335
"../../../Engine/Content/EngineMaterials/PhAT_JointLimitMaterial.uasset" 336
"../../../Engine/Content/EngineMaterials/PreintegratedSkinBRDF.uasset" 337
"../../../Engine/Content/EngineMaterials/RemoveSurfaceMaterial.uasset" 338
"../../../Engine/Content/EngineResources/WhiteSquareTexture.uasset" 339
"../../../Engine/Content/EngineMaterials/Widget3DPassThrough.uasset" 340
"../../../Engine/Content/EngineMaterials/Widget3DPassThrough_Masked.uasset" 341
"../../../Engine/Content/EngineMaterials/Widget3DPassThrough_Opaque.uasset" 342
"../../../Engine/Content/EngineMaterials/Widget3DPassThrough_Masked_OneSided.uasset" 343
"../../../Engine/Content/EngineMaterials/Widget3DPassThrough_Opaque_OneSided.uasset" 344
"../../../Engine/Content/EngineMaterials/Widget3DPassThrough_Translucent.uasset" 345
"../../../Engine/Content/EngineMaterials/Widget3DPassThrough_Translucent_OneSided.uasset" 346
"../../../Engine/Content/EngineMeshes/Cylinder.uasset" 347
"../../../Engine/Content/EngineMeshes/Sphere.uasset" 348
"../../../Engine/Content/EngineResources/DefaultTextureCube.uasset" 349
"../../../Engine/Content/EngineResources/DefaultVolumeTexture2D.uasset" 350
"../../../Engine/Content/EngineResources/DefaultVolumeTexture.uasset" 351
"../../../Engine/Content/EngineResources/GradientTexture0.uasset" 352
"../../../Engine/Content/EngineSky/VolumetricClouds/T_NoiseShape64.uasset" 353
"../../../Engine/Content/EngineSky/VolumetricClouds/T_VolumeNoiseShape64.uasset" 354
"../../../Engine/Content/EngineSky/VolumetricClouds/T_NoiseErosion.uasset" 355
"../../../Engine/Content/EngineSky/VolumetricClouds/T_VolumeNoiseErosion32.uasset" 356
"../../../Engine/Content/EngineSky/VolumetricClouds/CloudWeatherTexture.uasset" 357
"../../../Engine/Content/EngineSky/VolumetricClouds/CloudGradientTexture.uasset" 358
"../../../Engine/Content/Functions/Engine_MaterialFunctions02/Utility/MakeFloat2.uasset" 359
"../../../Engine/Content/EngineSky/VolumetricClouds/m_SimpleVolumetricCloud.uasset" 360
"../../../Engine/Content/EngineSky/VolumetricClouds/m_SimpleVolumetricCloud_Inst.uasset" 361
"../../../Engine/Content/EngineSounds/Master.uasset" 362
"../../../Engine/Content/Functions/Engine_MaterialFunctions01/Shading/PowerToRoughness.uasset" 363
"../../../Engine/Content/Maps/Templates/Thumbnails/Default.uasset" 364
"../../../Engine/Content/Maps/Templates/Thumbnails/TimeOfDay.uasset" 365
"../../../Engine/Content/Maps/Templates/Thumbnails/VR-Basic.uasset" 366
"../../../Engine/Content/MobileResources/T_MobileControls_texture.uasset" 367
"../../../Engine/Content/MobileResources/T_MobileMenu2.uasset" 368
"../../../Engine/Content/MobileResources/HUD/AnalogHat.uasset" 369
"../../../Engine/Content/MobileResources/HUD/VirtualJoystick_Thumb.uasset" 370
"../../../Engine/Content/MobileResources/HUD/VirtualJoystick_Background.uasset" 371
"../../../Engine/Content/MobileResources/HUD/DefaultVirtualJoysticks.uasset" 372
"../../../Engine/Content/MobileResources/HUD/LeftVirtualJoystickOnly.uasset" 373
"../../../Engine/Content/MobileResources/HUD/MobileHUDButton1_off.uasset" 374
"../../../Engine/Content/MobileResources/HUD/MobileHUDButton1_on.uasset" 375
"../../../Engine/Content/MobileResources/HUD/MobileHUDButton2_off.uasset" 376
"../../../Engine/Content/MobileResources/HUD/MobileHUDButton2_on.uasset" 377
"../../../Engine/Content/MobileResources/HUD/MobileHUDButton3.uasset" 378
"../../../Engine/Content/MobileResources/HUD/MobileHUDButtonFire.uasset" 379
"../../../Engine/Content/MobileResources/HUD/MobileHUDDirectionPad.uasset" 380
"../../../Engine/Content/MobileResources/HUD/MobileHUDDirectionPad2.uasset" 381
"../../../Engine/Content/MobileResources/HUD/MobileHUDDirectionPad3.uasset" 382
"../../../Engine/Content/MobileResources/HUD/MobileHUDDirectionStick.uasset" 383
"../../../Engine/Content/MobileResources/HUD/T_Castle_ThumbstickInner.uasset" 384
"../../../Engine/Content/MobileResources/HUD/T_Castle_ThumbstickOutter.uasset" 385
"../../../Engine/Content/Tutorial/ContentIntroCurve.uasset" 386
"../../../Engine/Content/Tutorial/Basics/LevelEditorAttract.uasset" 387
"../../../Engine/Content/VREditor/TransformGizmo/TranslucentTransformGizmoMaterial.uasset" 388
"../../../Engine/Content/VREditor/LaserPointer/VR_LaserPower_01.uasset" 389
"../../../Engine/Content/VREditor/TransformGizmo/TransformGizmoMaterial.uasset" 390
"../../../Engine/Content/VREditor/TransformGizmo/BoundingBoxCorner.uasset" 391
"../../../Engine/Content/VREditor/TransformGizmo/BoundingBoxEdge.uasset" 392
"../../../Engine/Content/VREditor/TransformGizmo/PlaneTranslationHandle.uasset" 393
"../../../Engine/Content/VREditor/TransformGizmo/Xray.uasset" 394
"../../../Engine/Content/VREditor/TransformGizmo/Main.uasset" 395
"../../../Engine/Content/VREditor/TransformGizmo/SM_Sequencer_Key.uasset" 396
"../../../Engine/Content/VREditor/TransformGizmo/SM_Sequencer_Node.uasset" 397
"../../Plugins/2D/Paper2D/Content/PlaceholderTextures/DummySpriteTexture.uasset" 398
"../../Plugins/2D/Paper2D/Content/DummySprite.uasset" 399
"../../Plugins/2D/Paper2D/Content/DefaultPaperTerrainMaterial.uasset" 400
"../../Plugins/2D/Paper2D/Content/DefaultSpriteMaterial.uasset" 401
"../../Plugins/2D/Paper2D/Content/MaskedUnlitSpriteMaterial.uasset" 402
"../../Plugins/2D/Paper2D/Content/OpaqueUnlitSpriteMaterial.uasset" 403
"../../Plugins/Editor/SpeedTreeImporter/Content/SpeedTree9/UnpackDirection.uasset" 404
"../../Plugins/Editor/SpeedTreeImporter/Content/SpeedTree9/game_wind_noise.uasset" 405
"../../Plugins/Editor/SpeedTreeImporter/Content/SpeedTree9/SpeedTreeWindMotion.uasset" 406
"../../Plugins/Editor/SpeedTreeImporter/Content/SpeedTree9/UnpackInteger3.uasset" 407
"../../Plugins/Editor/SpeedTreeImporter/Content/SpeedTree9/SpeedTreeBranchMotion.uasset" 408
"../../../Engine/Content/Functions/Engine_MaterialFunctions02/ObjectLocalBounds.uasset" 409
"../../../Engine/Content/Functions/Engine_MaterialFunctions02/UVs/BoundingBoxBased_0-1_UVW.uasset" 410
"../../Plugins/Editor/SpeedTreeImporter/Content/SpeedTree9/SpeedTreeWind.uasset" 411
"../../Plugins/Editor/SpeedTreeImporter/Content/SpeedTree9/SpeedTreeBillboard.uasset" 412
"../../Plugins/Editor/SpeedTreeImporter/Content/SpeedTree9/SpeedTreeBillboardMaster.uasset" 413
"../../Plugins/Editor/SpeedTreeImporter/Content/SpeedTree9/SpeedTreeCameraFacing.uasset" 414
"../../Plugins/Editor/SpeedTreeImporter/Content/SpeedTree9/SpeedTreeMaster.uasset" 415
"../../Plugins/Experimental/Landmass/Content/Landscape/BlueprintBrushes/MPC/MPC_Landscape.uasset" 416
"../../Plugins/Experimental/Water/Content/Curves/FloatCurve.uasset" 417
"../../Plugins/Experimental/Water/Content/Curves/FloatCurve_WaterBodyIsland.uasset" 418
"../../Plugins/Experimental/Water/Content/Meshes/LakeMesh.uasset" 419
"../../Plugins/Experimental/Water/Content/Meshes/RiverMesh.uasset" 420
"../../Plugins/Experimental/Water/Content/Waves/GerstnerWaves_Lake.uasset" 421
"../../Plugins/Experimental/Water/Content/Waves/GerstnerWaves_Ocean.uasset" 422
"../../Plugins/Runtime/HairStrands/Content/Materials/HairCardsDefaultMaterial.uasset" 423
"../../../Engine/Content/EngineMaterials/HairDebugColor.uasset" 424
"../../../Engine/Content/EngineMaterials/HairColorMap.uasset" 425
"../../Plugins/Runtime/HairStrands/Content/Materials/HairDebugMaterial.uasset" 426
"../../Plugins/Runtime/HairStrands/Content/Materials/HairDefaultMaterial.uasset" 427
"../../Plugins/Runtime/HairStrands/Content/Materials/HairMeshesDefaultMaterial.uasset" 428
"../../../Engine/Content/ArtTools/RenderToTexture/Materials/Debug/M_Emissive_Color.uasset" 429
"../../Plugins/Lumin/MagicLeapPassableWorld/Content/MagicLeapARPinInfoActor.uasset" 430
"../../../Engine/Content/Functions/Engine_MaterialFunctions02/Utility/BreakOutFloat4Components.uasset" 431
"../../Plugins/Runtime/Oculus/OculusVR/Content/Materials/OculusMR_ChromaKey.uasset" 432
"../../Plugins/Runtime/Oculus/OculusVR/Content/Materials/OculusMR_OpaqueColoredMaterial.uasset" 433
"../../Plugins/Runtime/Oculus/OculusVR/Content/Materials/PokeAHoleMaterial.uasset" 434
"../../../../../../Users/minip/Documents/Uni Backup/3D Games - GAP - Final Project/3D GAP Unreal Game/FinalGameProject/Content/Sound/TitleScreenMusicV1.uasset" 435
"../../../../../../Users/minip/Documents/Uni Backup/3D Games - GAP - Final Project/3D GAP Unreal Game/FinalGameProject/Content/Blueprints/TitleMusicPlayer.uasset" 436
"../../../../../../Users/minip/Documents/Uni Backup/3D Games - GAP - Final Project/3D GAP Unreal Game/FinalGameProject/Content/Levels/TitleScreen.umap" 437
"../../../Engine/Content/BasicShapes/Plane.uasset" 438
"../../../../../../Users/minip/Documents/Uni Backup/3D Games - GAP - Final Project/3D GAP Unreal Game/FinalGameProject/Content/Levels/VideoLevelTest.umap" 439
"../../../../../../Users/minip/Documents/Uni Backup/3D Games - GAP - Final Project/3D GAP Unreal Game/FinalGameProject/Content/Materials/SandstoneV1_.uasset" 440
"../../../../../../Users/minip/Documents/Uni Backup/3D Games - GAP - Final Project/3D GAP Unreal Game/FinalGameProject/Content/Materials/SandstoneV1__Mat.uasset" 441
"../../../../../../Users/minip/Documents/Uni Backup/3D Games - GAP - Final Project/3D GAP Unreal Game/FinalGameProject/Content/StylizedRocks/JinviraAdventurersHutFoliageSample/Meshes/SM_Rock4.uasset" 442
"../../../../../../Users/minip/Documents/Uni Backup/3D Games - GAP - Final Project/3D GAP Unreal Game/FinalGameProject/Content/StylizedRocks/JinviraAdventurersHutFoliageSample/Meshes/SM_Rock3.uasset" 443
"../../../../../../Users/minip/Documents/Uni Backup/3D Games - GAP - Final Project/3D GAP Unreal Game/FinalGameProject/Content/StylizedRocks/JinviraAdventurersHutFoliageSample/Meshes/SM_Rock2.uasset" 444
"../../../../../../Users/minip/Documents/Uni Backup/3D Games - GAP - Final Project/3D GAP Unreal Game/FinalGameProject/Content/StylizedRocks/JinviraAdventurersHutFoliageSample/Meshes/SM_Rock1.uasset" 445
"../../../Engine/Content/EngineSky/T_Sky_Stars.uasset" 446
"../../../Engine/Content/EngineSky/T_Sky_Clouds_M.uasset" 447
"../../../Engine/Content/EngineSky/T_Sky_Blue.uasset" 448
"../../../Engine/Content/EngineMaterials/DefaultPhysicalMaterial.uasset" 449
"../../../Engine/Content/BasicShapes/Cube.uasset" 450
"../../../Engine/Content/EngineSky/M_Sky_Panning_Clouds2.uasset" 451
"../../../../../../Users/minip/Documents/Uni Backup/3D Games - GAP - Final Project/3D GAP Unreal Game/FinalGameProject/Content/Levels/GameMap_BuiltData.uasset" 452
"../../../../../../Users/minip/Documents/Uni Backup/3D Games - GAP - Final Project/3D GAP Unreal Game/FinalGameProject/Content/StarterContent/ThirdPersonBP/Blueprints/ThirdPersonGameMode.uasset" 453
"../../../Engine/Content/EngineSky/SM_SkySphere.uasset" 454
"../../../Engine/Content/EngineSky/C_Sky_Zenith_Color.uasset" 455
"../../../Engine/Content/EngineSky/C_Sky_Horizon_Color.uasset" 456
"../../../Engine/Content/EngineSky/C_Sky_Cloud_Color.uasset" 457
"../../../Engine/Content/EngineSky/BP_Sky_Sphere.uasset" 458
"../../../../../../Users/minip/Documents/Uni Backup/3D Games - GAP - Final Project/3D GAP Unreal Game/FinalGameProject/Content/Sound/BackgroundMusic.uasset" 459
"../../../../../../Users/minip/Documents/Uni Backup/3D Games - GAP - Final Project/3D GAP Unreal Game/FinalGameProject/Content/Models/WhiteBoxing/phong2.uasset" 460
"../../../../../../Users/minip/Documents/Uni Backup/3D Games - GAP - Final Project/3D GAP Unreal Game/FinalGameProject/Content/Models/WhiteBoxing/lambert3.uasset" 461
"../../../../../../Users/minip/Documents/Uni Backup/3D Games - GAP - Final Project/3D GAP Unreal Game/FinalGameProject/Content/Models/WhiteBoxing/blinn1.uasset" 462
"../../../../../../Users/minip/Documents/Uni Backup/3D Games - GAP - Final Project/3D GAP Unreal Game/FinalGameProject/Content/Models/WhiteBoxing/WB_3rdRingV4.uasset" 463
"../../../../../../Users/minip/Documents/Uni Backup/3D Games - GAP - Final Project/3D GAP Unreal Game/FinalGameProject/Content/Models/WhiteBoxing/WB_2ndRingV12.uasset" 464
"../../../../../../Users/minip/Documents/Uni Backup/3D Games - GAP - Final Project/3D GAP Unreal Game/FinalGameProject/Content/Models/Environment/WoodStickV1.uasset" 465
"../../../../../../Users/minip/Documents/Uni Backup/3D Games - GAP - Final Project/3D GAP Unreal Game/FinalGameProject/Content/Materials/WheelbarrowInsideWoodV1.uasset" 466
"../../../../../../Users/minip/Documents/Uni Backup/3D Games - GAP - Final Project/3D GAP Unreal Game/FinalGameProject/Content/Materials/WheelbarrowInsideWoodV1_Mat.uasset" 467
"../../../../../../Users/minip/Documents/Uni Backup/3D Games - GAP - Final Project/3D GAP Unreal Game/FinalGameProject/Content/Models/Environment/WheelbarrowV2.uasset" 468
"../../../../../../Users/minip/Documents/Uni Backup/3D Games - GAP - Final Project/3D GAP Unreal Game/FinalGameProject/Content/Models/Environment/ThroneV1.uasset" 469
"../../../../../../Users/minip/Documents/Uni Backup/3D Games - GAP - Final Project/3D GAP Unreal Game/FinalGameProject/Content/Materials/PillarUVs_V2.uasset" 470
"../../../../../../Users/minip/Documents/Uni Backup/3D Games - GAP - Final Project/3D GAP Unreal Game/FinalGameProject/Content/Materials/PillarUVs_V2_Mat.uasset" 471
"../../../../../../Users/minip/Documents/Uni Backup/3D Games - GAP - Final Project/3D GAP Unreal Game/FinalGameProject/Content/Models/Environment/PillarV2.uasset" 472
"../../../../../../Users/minip/Documents/Uni Backup/3D Games - GAP - Final Project/3D GAP Unreal Game/FinalGameProject/Content/Materials/SecondFloorUVs_V4.uasset" 473
"../../../../../../Users/minip/Documents/Uni Backup/3D Games - GAP - Final Project/3D GAP Unreal Game/FinalGameProject/Content/Materials/SecondFloorUVs_V4_Mat.uasset" 474
"../../../../../../Users/minip/Documents/Uni Backup/3D Games - GAP - Final Project/3D GAP Unreal Game/FinalGameProject/Content/Materials/SeatWoodV1.uasset" 475
"../../../../../../Users/minip/Documents/Uni Backup/3D Games - GAP - Final Project/3D GAP Unreal Game/FinalGameProject/Content/Materials/SeatWoodV1_Mat2.uasset" 476
"../../../../../../Users/minip/Documents/Uni Backup/3D Games - GAP - Final Project/3D GAP Unreal Game/FinalGameProject/Content/Materials/SeatWoodV1_Mat.uasset" 477
"../../../../../../Users/minip/Documents/Uni Backup/3D Games - GAP - Final Project/3D GAP Unreal Game/FinalGameProject/Content/Materials/DirtWallV1.uasset" 478
"../../../../../../Users/minip/Documents/Uni Backup/3D Games - GAP - Final Project/3D GAP Unreal Game/FinalGameProject/Content/Materials/DirtWallV1_Mat.uasset" 479
"../../../../../../Users/minip/Documents/Uni Backup/3D Games - GAP - Final Project/3D GAP Unreal Game/FinalGameProject/Content/Materials/ColliseumStoneV1.uasset" 480
"../../../../../../Users/minip/Documents/Uni Backup/3D Games - GAP - Final Project/3D GAP Unreal Game/FinalGameProject/Content/Materials/ColliseumStoneV1_Mat.uasset" 481
"../../../../../../Users/minip/Documents/Uni Backup/3D Games - GAP - Final Project/3D GAP Unreal Game/FinalGameProject/Content/Materials/ChairUVs_V1.uasset" 482
"../../../../../../Users/minip/Documents/Uni Backup/3D Games - GAP - Final Project/3D GAP Unreal Game/FinalGameProject/Content/Materials/ChairUVs_V1_Mat.uasset" 483
"../../../../../../Users/minip/Documents/Uni Backup/3D Games - GAP - Final Project/3D GAP Unreal Game/FinalGameProject/Content/Levels/GameMap_sharedassets/Sandstone_LayerInfo.uasset" 484
"../../../../../../Users/minip/Documents/Uni Backup/3D Games - GAP - Final Project/3D GAP Unreal Game/FinalGameProject/Content/Levels/_GENERATED/minip/Boolean_110452D2.uasset" 485
"../../../../../../Users/minip/Documents/Uni Backup/3D Games - GAP - Final Project/3D GAP Unreal Game/FinalGameProject/Content/Materials/SoilWallV1.uasset" 486
"../../../../../../Users/minip/Documents/Uni Backup/3D Games - GAP - Final Project/3D GAP Unreal Game/FinalGameProject/Content/Materials/SoilWallV1_Mat1.uasset" 487
"../../../../../../Users/minip/Documents/Uni Backup/3D Games - GAP - Final Project/3D GAP Unreal Game/FinalGameProject/Content/Materials/SoilWallV2.uasset" 488
"../../../../../../Users/minip/Documents/Uni Backup/3D Games - GAP - Final Project/3D GAP Unreal Game/FinalGameProject/Content/Materials/SoilWallV1_Mat.uasset" 489
"../../../../../../Users/minip/Documents/Uni Backup/3D Games - GAP - Final Project/3D GAP Unreal Game/FinalGameProject/Content/Levels/Boolean_110452D2_Blueprint.uasset" 490
"../../../../../../Users/minip/Documents/Uni Backup/3D Games - GAP - Final Project/3D GAP Unreal Game/FinalGameProject/Content/Blueprints/Weapons/SpearPickup.uasset" 491
"../../../../../../Users/minip/Documents/Uni Backup/3D Games - GAP - Final Project/3D GAP Unreal Game/FinalGameProject/Content/Blueprints/Weapons/BladePickup.uasset" 492
"../../../../../../Users/minip/Documents/Uni Backup/3D Games - GAP - Final Project/3D GAP Unreal Game/FinalGameProject/Content/Blueprints/Weapons/AxePickup.uasset" 493
"../../../../../../Users/minip/Documents/Uni Backup/3D Games - GAP - Final Project/3D GAP Unreal Game/FinalGameProject/Content/Materials/Landscape/Resources/Sand_LayerInfo.uasset" 494
"../../../../../../Users/minip/Documents/Uni Backup/3D Games - GAP - Final Project/3D GAP Unreal Game/FinalGameProject/Content/Materials/Landscape/Resources/Rock_LayerInfo.uasset" 495
"../../../../../../Users/minip/Documents/Uni Backup/3D Games - GAP - Final Project/3D GAP Unreal Game/FinalGameProject/Content/Materials/Landscape/Resources/Dirt_LayerInfo.uasset" 496
"../../../../../../Users/minip/Documents/Uni Backup/3D Games - GAP - Final Project/3D GAP Unreal Game/FinalGameProject/Content/Materials/Landscape/SandstoneV1_.uasset" 497
"../../../../../../Users/minip/Documents/Uni Backup/3D Games - GAP - Final Project/3D GAP Unreal Game/FinalGameProject/Content/Materials/Landscape/RockyV1.uasset" 498
"../../../Engine/Content/EngineMaterials/WeightMapPlaceholderTexture.uasset" 499
"../../../../../../Users/minip/Documents/Uni Backup/3D Games - GAP - Final Project/3D GAP Unreal Game/FinalGameProject/Content/Materials/Landscape/DirtV1.uasset" 500
"../../../../../../Users/minip/Documents/Uni Backup/3D Games - GAP - Final Project/3D GAP Unreal Game/FinalGameProject/Content/Materials/Landscape/Landscape.uasset" 501
"../../Plugins/Experimental/Water/Content/Materials/WaterSurface/Water_Material.uasset" 502
"../../../../../../Users/minip/Documents/Uni Backup/3D Games - GAP - Final Project/3D GAP Unreal Game/FinalGameProject/Content/Materials/Water_Material_CustomMesh.uasset" 503
"../../../../../../Users/minip/Documents/Uni Backup/3D Games - GAP - Final Project/3D GAP Unreal Game/FinalGameProject/Content/UI/RangerEnemyHealth.uasset" 504
"../../../Engine/Content/BasicShapes/Sphere.uasset" 505
"../../../../../../Users/minip/Documents/Uni Backup/3D Games - GAP - Final Project/3D GAP Unreal Game/FinalGameProject/Content/Models/lambert1.uasset" 506
"../../../../../../Users/minip/Documents/Uni Backup/3D Games - GAP - Final Project/3D GAP Unreal Game/FinalGameProject/Content/Models/EnemyObjects/FrostboltMesh.uasset" 507
"../../../../../../Users/minip/Documents/Uni Backup/3D Games - GAP - Final Project/3D GAP Unreal Game/FinalGameProject/Content/Materials/Particles/FrostMatV1.uasset" 508
"../../../../../../Users/minip/Documents/Uni Backup/3D Games - GAP - Final Project/3D GAP Unreal Game/FinalGameProject/Content/Materials/Particles/FrostV1.uasset" 509
"../../../../../../Users/minip/Documents/Uni Backup/3D Games - GAP - Final Project/3D GAP Unreal Game/FinalGameProject/Content/Materials/Particles/FrostParticleV1.uasset" 510
"../../../../../../Users/minip/Documents/Uni Backup/3D Games - GAP - Final Project/3D GAP Unreal Game/FinalGameProject/Content/Materials/FrostboltV1.uasset" 511
"../../../../../../Users/minip/Documents/Uni Backup/3D Games - GAP - Final Project/3D GAP Unreal Game/FinalGameProject/Content/Materials/FrostboltV1_Mat.uasset" 512
"../../../../../../Users/minip/Documents/Uni Backup/3D Games - GAP - Final Project/3D GAP Unreal Game/FinalGameProject/Content/Materials/Particles/Frost_ExplosionV1.uasset" 513
"../../../../../../Users/minip/Documents/Uni Backup/3D Games - GAP - Final Project/3D GAP Unreal Game/FinalGameProject/Content/Materials/Particles/Frost_ExplosionV1_Mat.uasset" 514
"../../../../../../Users/minip/Documents/Uni Backup/3D Games - GAP - Final Project/3D GAP Unreal Game/FinalGameProject/Content/Materials/Particles/FrostExplosionV1.uasset" 515
"../../../../../../Users/minip/Documents/Uni Backup/3D Games - GAP - Final Project/3D GAP Unreal Game/FinalGameProject/Content/Blueprints/AI/RangerFrostboltExplosion.uasset" 516
"../../../../../../Users/minip/Documents/Uni Backup/3D Games - GAP - Final Project/3D GAP Unreal Game/FinalGameProject/Content/Blueprints/AI/RangerFrostbolt.uasset" 517
"../../../../../../Users/minip/Documents/Uni Backup/3D Games - GAP - Final Project/3D GAP Unreal Game/FinalGameProject/Content/Blueprints/AI/RangerEnemy.uasset" 518
"../../../../../../Users/minip/Documents/Uni Backup/3D Games - GAP - Final Project/3D GAP Unreal Game/FinalGameProject/Content/Blueprints/RangerFrostboltSpawn.uasset" 519
"../../../../../../Users/minip/Documents/Uni Backup/3D Games - GAP - Final Project/3D GAP Unreal Game/FinalGameProject/Content/Animation/RangerEnemy/Standing_2H_Magic_Attack_02.uasset" 520
"../../../../../../Users/minip/Documents/Uni Backup/3D Games - GAP - Final Project/3D GAP Unreal Game/FinalGameProject/Content/Animation/RangerEnemy/RangerEnemyAnim.uasset" 521
"../../../../../../Users/minip/Documents/Uni Backup/3D Games - GAP - Final Project/3D GAP Unreal Game/FinalGameProject/Content/Animation/RangerEnemy/Death_Crouching_Headshot_Front.uasset" 522
"../../../../../../Users/minip/Documents/Uni Backup/3D Games - GAP - Final Project/3D GAP Unreal Game/FinalGameProject/Content/Animation/RangerEnemy/Crouched_Walking_PhysicsAsset.uasset" 523
"../../../../../../Users/minip/Documents/Uni Backup/3D Games - GAP - Final Project/3D GAP Unreal Game/FinalGameProject/Content/Animation/RangerEnemy/Alpha_Joints_MAT.uasset" 524
"../../../../../../Users/minip/Documents/Uni Backup/3D Games - GAP - Final Project/3D GAP Unreal Game/FinalGameProject/Content/Animation/RangerEnemy/Alpha_Body_MAT.uasset" 525
"../../../../../../Users/minip/Documents/Uni Backup/3D Games - GAP - Final Project/3D GAP Unreal Game/FinalGameProject/Content/Animation/RangerEnemy/Crouched_Walking.uasset" 526
"../../../../../../Users/minip/Documents/Uni Backup/3D Games - GAP - Final Project/3D GAP Unreal Game/FinalGameProject/Content/Blueprints/AI/RangerCharacter.uasset" 527
"../../../../../../Users/minip/Documents/Uni Backup/3D Games - GAP - Final Project/3D GAP Unreal Game/FinalGameProject/Content/Blueprints/AI/RangerSpawner.uasset" 528
"../../../../../../Users/minip/Documents/Uni Backup/3D Games - GAP - Final Project/3D GAP Unreal Game/FinalGameProject/Content/UI/FollowerEnemyHealth.uasset" 529
"../../../../../../Users/minip/Documents/Uni Backup/3D Games - GAP - Final Project/3D GAP Unreal Game/FinalGameProject/Content/Blueprints/AI/FollowerEnemy.uasset" 530
"../../../../../../Users/minip/Documents/Uni Backup/3D Games - GAP - Final Project/3D GAP Unreal Game/FinalGameProject/Content/Blueprints/FollowerMovementStop.uasset" 531
"../../../../../../Users/minip/Documents/Uni Backup/3D Games - GAP - Final Project/3D GAP Unreal Game/FinalGameProject/Content/Blueprints/FollowerMeleeHit.uasset" 532
"../../../../../../Users/minip/Documents/Uni Backup/3D Games - GAP - Final Project/3D GAP Unreal Game/FinalGameProject/Content/Blueprints/AI/Zombie_Attack.uasset" 533
"../../../../../../Users/minip/Documents/Uni Backup/3D Games - GAP - Final Project/3D GAP Unreal Game/FinalGameProject/Content/Animation/FollowerEnemyUpdated/Zombie_Idle_Updated_PhysicsAsset.uasset" 534
"../../../../../../Users/minip/Documents/Uni Backup/3D Games - GAP - Final Project/3D GAP Unreal Game/FinalGameProject/Content/Animation/FollowerEnemyUpdated/Beta_Joints_MAT.uasset" 535
"../../../../../../Users/minip/Documents/Uni Backup/3D Games - GAP - Final Project/3D GAP Unreal Game/FinalGameProject/Content/Animation/FollowerEnemyUpdated/Beta_HighLimbsGeoSG2.uasset" 536
"../../../../../../Users/minip/Documents/Uni Backup/3D Games - GAP - Final Project/3D GAP Unreal Game/FinalGameProject/Content/Animation/FollowerEnemyUpdated/Zombie_Idle_Updated.uasset" 537
"../../../../../../Users/minip/Documents/Uni Backup/3D Games - GAP - Final Project/3D GAP Unreal Game/FinalGameProject/Content/Animation/FollowerEnemyUpdated/Zombie_Dying_Updated.uasset" 538
"../../../../../../Users/minip/Documents/Uni Backup/3D Games - GAP - Final Project/3D GAP Unreal Game/FinalGameProject/Content/Animation/FollowerEnemyUpdated/Zombie_Attack_Updated.uasset" 539
"../../../../../../Users/minip/Documents/Uni Backup/3D Games - GAP - Final Project/3D GAP Unreal Game/FinalGameProject/Content/Animation/FollowerEnemyUpdated/Zombie_Idle_Updated_Anim_mixamo_com.uasset" 540
"../../../../../../Users/minip/Documents/Uni Backup/3D Games - GAP - Final Project/3D GAP Unreal Game/FinalGameProject/Content/Animation/FollowerEnemyUpdated/Zombie_Run_Updated.uasset" 541
"../../../../../../Users/minip/Documents/Uni Backup/3D Games - GAP - Final Project/3D GAP Unreal Game/FinalGameProject/Content/Animation/FollowerEnemyUpdated/Idle-RunBlend.uasset" 542
"../../../../../../Users/minip/Documents/Uni Backup/3D Games - GAP - Final Project/3D GAP Unreal Game/FinalGameProject/Content/Animation/FollowerEnemyUpdated/UpdatedFollowerAnim.uasset" 543
"../../../../../../Users/minip/Documents/Uni Backup/3D Games - GAP - Final Project/3D GAP Unreal Game/FinalGameProject/Content/Blueprints/AI/FollowerCharacter.uasset" 544
"../../../../../../Users/minip/Documents/Uni Backup/3D Games - GAP - Final Project/3D GAP Unreal Game/FinalGameProject/Content/Blueprints/AI/FollowerSpawner.uasset" 545
"../../../../../../Users/minip/Documents/Uni Backup/3D Games - GAP - Final Project/3D GAP Unreal Game/FinalGameProject/Content/Models/Environment/GrateV1.uasset" 546
"../../../../../../Users/minip/Documents/Uni Backup/3D Games - GAP - Final Project/3D GAP Unreal Game/FinalGameProject/Content/Blueprints/SlidingGateV1.uasset" 547
"../../../../../../Users/minip/Documents/Uni Backup/3D Games - GAP - Final Project/3D GAP Unreal Game/FinalGameProject/Content/Materials/SconceWoodV1.uasset" 548
"../../../../../../Users/minip/Documents/Uni Backup/3D Games - GAP - Final Project/3D GAP Unreal Game/FinalGameProject/Content/Materials/SconceWoodV1_Mat.uasset" 549
"../../../../../../Users/minip/Documents/Uni Backup/3D Games - GAP - Final Project/3D GAP Unreal Game/FinalGameProject/Content/Materials/SconceBronzeV1.uasset" 550
"../../../../../../Users/minip/Documents/Uni Backup/3D Games - GAP - Final Project/3D GAP Unreal Game/FinalGameProject/Content/Materials/SconceBronzeV1_Mat.uasset" 551
"../../../../../../Users/minip/Documents/Uni Backup/3D Games - GAP - Final Project/3D GAP Unreal Game/FinalGameProject/Content/Models/Environment/SconceV2.uasset" 552
"../../../../../../Users/minip/Documents/Uni Backup/3D Games - GAP - Final Project/3D GAP Unreal Game/FinalGameProject/Content/Sound/SconceSoundV2.uasset" 553
"../../../../../../Users/minip/Documents/Uni Backup/3D Games - GAP - Final Project/3D GAP Unreal Game/FinalGameProject/Content/Sound/SconceAttenuationV3.uasset" 554
"../../../../../../Users/minip/Documents/Uni Backup/3D Games - GAP - Final Project/3D GAP Unreal Game/FinalGameProject/Content/Sound/SconceSoundV2_Cue.uasset" 555
"../../../../../../Users/minip/Documents/Uni Backup/3D Games - GAP - Final Project/3D GAP Unreal Game/FinalGameProject/Content/Materials/Particles/FlameMatV1.uasset" 556
"../../../../../../Users/minip/Documents/Uni Backup/3D Games - GAP - Final Project/3D GAP Unreal Game/FinalGameProject/Content/Materials/Particles/FlameV1.uasset" 557
"../../../../../../Users/minip/Documents/Uni Backup/3D Games - GAP - Final Project/3D GAP Unreal Game/FinalGameProject/Content/Materials/Particles/FlameParticleV1.uasset" 558
"../../../../../../Users/minip/Documents/Uni Backup/3D Games - GAP - Final Project/3D GAP Unreal Game/FinalGameProject/Content/Blueprints/Sconce.uasset" 559
"../../../../../../Users/minip/Documents/Uni Backup/3D Games - GAP - Final Project/3D GAP Unreal Game/FinalGameProject/Content/Models/Environment/FireplaceV1.uasset" 560
"../../../../../../Users/minip/Documents/Uni Backup/3D Games - GAP - Final Project/3D GAP Unreal Game/FinalGameProject/Content/Blueprints/FirePit.uasset" 561
"../../../../../../Users/minip/Documents/Uni Backup/3D Games - GAP - Final Project/3D GAP Unreal Game/FinalGameProject/Content/Models/Environment/SpectatorV3.uasset" 562
"../../../../../../Users/minip/Documents/Uni Backup/3D Games - GAP - Final Project/3D GAP Unreal Game/FinalGameProject/Content/Models/Environment/CelebratorV1.uasset" 563
"../../../../../../Users/minip/Documents/Uni Backup/3D Games - GAP - Final Project/3D GAP Unreal Game/FinalGameProject/Content/Blueprints/BP_SpectatorStanding.uasset" 564
"../../../../../../Users/minip/Documents/Uni Backup/3D Games - GAP - Final Project/3D GAP Unreal Game/FinalGameProject/Content/Blueprints/BP_SpectatorSitting1.uasset" 565
"../../../../../../Users/minip/Documents/Uni Backup/3D Games - GAP - Final Project/3D GAP Unreal Game/FinalGameProject/Content/Animation/KingAnimation/Seated_Idle_PhysicsAsset.uasset" 566
"../../../../../../Users/minip/Documents/Uni Backup/3D Games - GAP - Final Project/3D GAP Unreal Game/FinalGameProject/Content/Animation/KingAnimation/Seated_Idle.uasset" 567
"../../../../../../Users/minip/Documents/Uni Backup/3D Games - GAP - Final Project/3D GAP Unreal Game/FinalGameProject/Content/Animation/KingAnimation/Angry.uasset" 568
"../../../../../../Users/minip/Documents/Uni Backup/3D Games - GAP - Final Project/3D GAP Unreal Game/FinalGameProject/Content/Levels/GameMap.umap" 569
"../../../../../../Users/minip/Documents/Uni Backup/3D Games - GAP - Final Project/3D GAP Unreal Game/FinalGameProject/Content/StarterContent/ThirdPersonBP/Maps/ThirdPersonExampleMap_BuiltData.uasset" 570
"../../../../../../Users/minip/Documents/Uni Backup/3D Games - GAP - Final Project/3D GAP Unreal Game/FinalGameProject/Content/StarterContent/ThirdPersonBP/Maps/ThirdPersonExampleMap.umap" 571
"../../../../../../Users/minip/Documents/Uni Backup/3D Games - GAP - Final Project/3D GAP Unreal Game/FinalGameProject/Content/StylizedRocks/SM_StylizedRock9.uasset" 572
"../../../../../../Users/minip/Documents/Uni Backup/3D Games - GAP - Final Project/3D GAP Unreal Game/FinalGameProject/Content/StylizedRocks/SM_StylizedRock8.uasset" 573
"../../../../../../Users/minip/Documents/Uni Backup/3D Games - GAP - Final Project/3D GAP Unreal Game/FinalGameProject/Content/StylizedRocks/SM_StylizedRock7.uasset" 574
"../../../../../../Users/minip/Documents/Uni Backup/3D Games - GAP - Final Project/3D GAP Unreal Game/FinalGameProject/Content/StylizedRocks/SM_StylizedRock6.uasset" 575
"../../../../../../Users/minip/Documents/Uni Backup/3D Games - GAP - Final Project/3D GAP Unreal Game/FinalGameProject/Content/StylizedRocks/SM_StylizedRock5.uasset" 576
"../../../../../../Users/minip/Documents/Uni Backup/3D Games - GAP - Final Project/3D GAP Unreal Game/FinalGameProject/Content/StylizedRocks/SM_StylizedRock4.uasset" 577
"../../../../../../Users/minip/Documents/Uni Backup/3D Games - GAP - Final Project/3D GAP Unreal Game/FinalGameProject/Content/StylizedRocks/SM_StylizedRock3.uasset" 578
"../../../../../../Users/minip/Documents/Uni Backup/3D Games - GAP - Final Project/3D GAP Unreal Game/FinalGameProject/Content/StylizedRocks/SM_StylizedRock2.uasset" 579
"../../../../../../Users/minip/Documents/Uni Backup/3D Games - GAP - Final Project/3D GAP Unreal Game/FinalGameProject/Content/StylizedRocks/SM_StylizedRock15.uasset" 580
"../../../../../../Users/minip/Documents/Uni Backup/3D Games - GAP - Final Project/3D GAP Unreal Game/FinalGameProject/Content/StylizedRocks/SM_StylizedRock14.uasset" 581
"../../../../../../Users/minip/Documents/Uni Backup/3D Games - GAP - Final Project/3D GAP Unreal Game/FinalGameProject/Content/StylizedRocks/SM_StylizedRock13.uasset" 582
"../../../../../../Users/minip/Documents/Uni Backup/3D Games - GAP - Final Project/3D GAP Unreal Game/FinalGameProject/Content/StylizedRocks/SM_StylizedRock12.uasset" 583
"../../../../../../Users/minip/Documents/Uni Backup/3D Games - GAP - Final Project/3D GAP Unreal Game/FinalGameProject/Content/StylizedRocks/SM_StylizedRock10.uasset" 584
"../../../../../../Users/minip/Documents/Uni Backup/3D Games - GAP - Final Project/3D GAP Unreal Game/FinalGameProject/Content/StylizedRocks/Materials/T_Grass.uasset" 585
"../../../Engine/Content/Functions/Engine_MaterialFunctions01/WorldPositionOffset/SimpleGrassWind.uasset" 586
"../../../../../../Users/minip/Documents/Uni Backup/3D Games - GAP - Final Project/3D GAP Unreal Game/FinalGameProject/Content/StylizedRocks/Materials/M_Grass.uasset" 587
"../../../../../../Users/minip/Documents/Uni Backup/3D Games - GAP - Final Project/3D GAP Unreal Game/FinalGameProject/Content/StylizedRocks/Sm_StylizedGrass.uasset" 588
"../../../Engine/Content/MapTemplates/SM_Template_Map_Floor.uasset" 589
"../../../../../../Users/minip/Documents/Uni Backup/3D Games - GAP - Final Project/3D GAP Unreal Game/FinalGameProject/Content/StylizedRocks/ExampleMap_BuiltData.uasset" 590
"../../../../../../Users/minip/Documents/Uni Backup/3D Games - GAP - Final Project/3D GAP Unreal Game/FinalGameProject/Content/StylizedRocks/ExampleMap.umap" 591
"../../../../../../Users/minip/Documents/Uni Backup/3D Games - GAP - Final Project/3D GAP Unreal Game/FinalGameProject/Content/StylizedRocks/JinviraAdventurersHutFoliageSample/JinviraHutExampleMap.umap" 592
"../../../Engine/Content/Maps/Entry_BuiltData.uasset" 593
"../../../Engine/Content/Maps/Entry.umap" 594
